TN:
SF:src/JPEGNFT.sol
FN:31,JPEGNFT._baseURI
FNDA:1,JPEGNFT._baseURI
DA:32,1
FN:35,JPEGNFT.withdraw
FNDA:2,JPEGNFT.withdraw
DA:36,1
DA:37,1
FN:40,JPEGNFT.setBaseURI
FNDA:1,JPEGNFT.setBaseURI
DA:41,1
FN:44,JPEGNFT.startOfDayTimeStamp
FNDA:112,JPEGNFT.startOfDayTimeStamp
DA:46,112
FN:50,JPEGNFT.mintedTodayGlobal
FNDA:4,JPEGNFT.mintedTodayGlobal
DA:51,4
FN:54,JPEGNFT._mintedTodayGlobal
FNDA:105,JPEGNFT._mintedTodayGlobal
DA:55,105
FN:58,JPEGNFT.mintedTodayUser
FNDA:3,JPEGNFT.mintedTodayUser
DA:59,3
FN:62,JPEGNFT._mintedTodayUser
FNDA:104,JPEGNFT._mintedTodayUser
DA:63,104
FN:66,JPEGNFT.DEBUG_STEAL
FNDA:0,JPEGNFT.DEBUG_STEAL
DA:67,0
DA:69,0
DA:71,0
DA:72,0
FN:75,JPEGNFT.DEBUG_RESET_DAILY_USER
FNDA:0,JPEGNFT.DEBUG_RESET_DAILY_USER
DA:76,0
DA:78,0
FN:81,JPEGNFT.DEBUG_RESET_DAILY
FNDA:0,JPEGNFT.DEBUG_RESET_DAILY
DA:82,0
DA:84,0
FN:87,JPEGNFT.purchase
FNDA:107,JPEGNFT.purchase
DA:88,107
BRDA:88,0,0,1
BRDA:88,0,1,106
DA:89,106
BRDA:89,1,0,1
BRDA:89,1,1,105
DA:91,105
DA:93,105
BRDA:93,2,0,1
BRDA:93,2,1,104
DA:94,104
BRDA:94,3,0,1
BRDA:94,3,1,103
DA:96,103
DA:99,103
DA:100,103
FN:104,JPEGNFT.setOpen
FNDA:3,JPEGNFT.setOpen
DA:105,3
BRDA:105,4,0,-
BRDA:105,4,1,3
DA:106,3
FNF:13
FNH:10
LF:27
LH:19
BRF:10
BRH:9
end_of_record
